<?xml version="1.0" encoding="UTF-8"?>
<!-- Generated by org.testng.reporters.JUnitXMLReporter -->
<testsuite hostname="Fariz-PC" ignored="14" name="Test Videos section" tests="24" failures="0" timestamp="2021-02-02T15:23:49 PKT" time="49.342" errors="0">
  <testcase name="validate_ClickOnVideosSection" time="1.728" classname="test.VideosSection.TestOpenVideos"/>
  <testcase name="validate_TutorialPopUpSkipped" time="2.108" classname="test.VideosSection.TestOpenVideos"/>
  <testcase name="validate_VideosPageTitle_correct" time="0.989" classname="test.VideosSection.TestOpenVideos"/>
  <testcase name="validate_NewFolderCreated" time="4.023" classname="test.VideosSection.TestEditAlbum"/>
  <testcase name="clickOnEditAlbum" time="1.342" classname="test.VideosSection.TestEditAlbum"/>
  <testcase name="varify_AlbumRenameWorking" time="4.144" classname="test.VideosSection.TestEditAlbum"/>
  <testcase name="varify_AlbumDeleteWorking" time="3.695" classname="test.VideosSection.TestEditAlbum"/>
  <testcase name="validate_NewFolderCreated" time="3.603" classname="test.VideosSection.TestCreateNewAlbum"/>
  <testcase name="validate_FolderIsOpen" time="1.11" classname="test.VideosSection.TestCreateNewAlbum"/>
  <testcase name="validate_FolderTitle_correct" time="1.299" classname="test.VideosSection.TestCreateNewAlbum"/>
  <testcase name="validate_PlusButton_Working" time="0.479" classname="test.VideosSection.TestOpenGallery"/>
  <testcase name="validate_ImportFromGalleryBtn_Working" time="1.242" classname="test.VideosSection.TestOpenGallery"/>
  <testcase name="validate_GalleryTitle_Correct" time="1.563" classname="test.VideosSection.TestOpenGallery"/>
  <testcase name="validate_VideosFoundOnDevice" time="0.708" classname="test.VideosSection.TestOpenGallery"/>
  <testcase name="validate_VideosFolder_Open" time="0.567" classname="test.VideosSection.TestOpenGallery"/>
  <testcase name="Validate_CountVideos" time="1.674" classname="test.VideosSection.TestHideVideos"/>
  <testcase name="Validate_VideosSelected" time="3.351" classname="test.VideosSection.TestHideVideos"/>
  <testcase name="Validate_HideButton_working" time="1.09" classname="test.VideosSection.TestHideVideos"/>
  <testcase name="Validate_All_VideosImported" time="2.211" classname="test.VideosSection.TestHideVideos"/>
  <testcase name="VerifyVideosSelected" time="1.959" classname="test.VideosSection.TestDeleteVideos"/>
  <testcase name="VerifyDeleteVideosBtn_working" time="1.8" classname="test.VideosSection.TestDeleteVideos"/>
  <testcase name="verify_MediaSelectedToUnhide" time="3.303" classname="test.VideosSection.TestUnhideVideos"/>
  <testcase name="verify_UnhideBtnWorking" time="2.056" classname="test.VideosSection.TestUnhideVideos"/>
  <testcase name="pressBackButton" time="3.272" classname="test.PhotosSection.TestBackButton"/>
  <testcase name="@AfterSuite tearDown" time="0.0" classname="Pages.BaseClass">
    <ignored/>
  </testcase> <!-- @AfterSuite tearDown -->
  <testcase name="@AfterSuite tearDown" time="0.0" classname="Pages.BaseClass">
    <ignored/>
  </testcase> <!-- @AfterSuite tearDown -->
  <testcase name="@AfterSuite tearDown" time="0.0" classname="Pages.BaseClass">
    <ignored/>
  </testcase> <!-- @AfterSuite tearDown -->
  <testcase name="@AfterSuite tearDown" time="0.0" classname="Pages.BaseClass">
    <ignored/>
  </testcase> <!-- @AfterSuite tearDown -->
  <testcase name="@AfterSuite tearDown" time="0.0" classname="Pages.BaseClass">
    <ignored/>
  </testcase> <!-- @AfterSuite tearDown -->
  <testcase name="@AfterSuite tearDown" time="0.0" classname="Pages.BaseClass">
    <ignored/>
  </testcase> <!-- @AfterSuite tearDown -->
  <testcase name="@AfterSuite tearDown" time="0.0" classname="Pages.BaseClass">
    <ignored/>
  </testcase> <!-- @AfterSuite tearDown -->
  <testcase name="@BeforeSuite setup" time="0.0" classname="Pages.BaseClass">
    <ignored/>
  </testcase> <!-- @BeforeSuite setup -->
  <testcase name="@BeforeSuite setup" time="0.0" classname="Pages.BaseClass">
    <ignored/>
  </testcase> <!-- @BeforeSuite setup -->
  <testcase name="@BeforeSuite setup" time="0.0" classname="Pages.BaseClass">
    <ignored/>
  </testcase> <!-- @BeforeSuite setup -->
  <testcase name="@BeforeSuite setup" time="0.0" classname="Pages.BaseClass">
    <ignored/>
  </testcase> <!-- @BeforeSuite setup -->
  <testcase name="@BeforeSuite setup" time="0.0" classname="Pages.BaseClass">
    <ignored/>
  </testcase> <!-- @BeforeSuite setup -->
  <testcase name="@BeforeSuite setup" time="0.0" classname="Pages.BaseClass">
    <ignored/>
  </testcase> <!-- @BeforeSuite setup -->
  <testcase name="@BeforeSuite setup" time="0.0" classname="Pages.BaseClass">
    <ignored/>
  </testcase> <!-- @BeforeSuite setup -->
</testsuite> <!-- Test Videos section -->
