<?xml version="1.0" encoding="UTF-8"?>
<!-- Generated by org.testng.reporters.JUnitXMLReporter -->
<testsuite hostname="Fariz-PC" ignored="0" name="Default test" tests="4" failures="1" timestamp="2021-01-27T17:37:05 PKT" time="215.552" errors="0">
  <testcase name="validate_pin_working_correct" time="1.099" classname="test.TestLoginWithPin"/>
  <testcase name="validate_ratingPopUpSkiped" time="3.233" classname="test.TestLoginWithPin"/>
  <testcase name="validate_DashboardApear_Correct" time="3.516" classname="test.TestLoginWithPin"/>
  <testcase name="validate_AdsAppear" time="201.909" classname="test.TestLoginWithPin">
    <failure type="org.openqa.selenium.NoSuchSessionException" message="invalid session id (A session is either terminated or not started (2cd388e1-ba9f-4dee-8080-0c01f88b7a4c), A session could be terminated due to the end of timeout specified by newCommandTimeout https://docs.experitest.com/display/AS/Timeout+Capabilities)  (WARNING: The server did not provide any stacktrace information)
Command duration or timeout: 0 milliseconds
Build info: version: &amp;apos;3.141.59&amp;apos;, revision: &amp;apos;e82be7d358&amp;apos;, time: &amp;apos;2018-11-14T08:17:03&amp;apos;
System info: host: &amp;apos;FARIZ-PC&amp;apos;, ip: &amp;apos;192.168.79.1&amp;apos;, os.name: &amp;apos;Windows 10&amp;apos;, os.arch: &amp;apos;amd64&amp;apos;, os.version: &amp;apos;10.0&amp;apos;, java.version: &amp;apos;1.8.0_271&amp;apos;
Driver info: io.appium.java_client.android.AndroidDriver
Capabilities {app: C:\Users\Fariz Anjum\Deskto..., appActivity: .SplashActvity, appBuildVersion: , appPackage: com.newsoftwares.folderlock_v1, appReleaseVersion: , appiumVersion: 1.8.0, applicationClearData: false, autoAcceptAlerts: false, autoDismissAlerts: false, autoGrantPermissions: true, autoWebview: false, browserName: , commandTimeouts: 120000, desired: {app: C:\Users\Fariz Anjum\Deskto..., appActivity: .SplashActvity, appPackage: com.newsoftwares.folderlock_v1, autoGrantPermissions: true, browserName: , deviceName: SM-A515F, fullReset: false, noReset: true, platformName: Android, platformVersion: 10}, device.category: PHONE, device.majorVersion: 10, device.manufacture: samsung, device.model: SM-A515F, device.name: SM-A515F, device.os: Android, device.screenSize: 1080x2400, device.serialNumber: R58N20PLGPY, device.version: 10, deviceName: SM-A515F, deviceUDID: R58N20PLGPY, dontGoHomeOnQuit: false, dontStopAppOnReset: false, fullReset: false, install.only.for.update: false, installOnlyForUpdate: false, instrumentApp: false, javascriptEnabled: true, keystorePath: ~/.android/debug.keystore, locationServicesAuthorized: false, newSessionWaitTimeout: 600, noReset: true, platform: ANDROID, platformName: Android, platformVersion: 10, projectName: , reportDirectory: reports, reportFormat: xml, reportUrl: C:\Users\Fariz Anjum\appium..., reservationDuration: 240, takeScreenshots: true, test.type: Mobile, testName: mobile test 01/27/21 05:33 PM, udid: R58N20PLGPY, useKeystore: false, waitForDeviceTimeout: 120000}
Session ID: 2cd388e1-ba9f-4dee-8080-0c01f88b7a4c
*** Element info: {Using=class name, value=android.webkit.WebView}">
      <![CDATA[org.openqa.selenium.NoSuchSessionException: invalid session id (A session is either terminated or not started (2cd388e1-ba9f-4dee-8080-0c01f88b7a4c), A session could be terminated due to the end of timeout specified by newCommandTimeout https://docs.experitest.com/display/AS/Timeout+Capabilities)  (WARNING: The server did not provide any stacktrace information)
Command duration or timeout: 0 milliseconds
Build info: version: '3.141.59', revision: 'e82be7d358', time: '2018-11-14T08:17:03'
System info: host: 'FARIZ-PC', ip: '192.168.79.1', os.name: 'Windows 10', os.arch: 'amd64', os.version: '10.0', java.version: '1.8.0_271'
Driver info: io.appium.java_client.android.AndroidDriver
Capabilities {app: C:\Users\Fariz Anjum\Deskto..., appActivity: .SplashActvity, appBuildVersion: , appPackage: com.newsoftwares.folderlock_v1, appReleaseVersion: , appiumVersion: 1.8.0, applicationClearData: false, autoAcceptAlerts: false, autoDismissAlerts: false, autoGrantPermissions: true, autoWebview: false, browserName: , commandTimeouts: 120000, desired: {app: C:\Users\Fariz Anjum\Deskto..., appActivity: .SplashActvity, appPackage: com.newsoftwares.folderlock_v1, autoGrantPermissions: true, browserName: , deviceName: SM-A515F, fullReset: false, noReset: true, platformName: Android, platformVersion: 10}, device.category: PHONE, device.majorVersion: 10, device.manufacture: samsung, device.model: SM-A515F, device.name: SM-A515F, device.os: Android, device.screenSize: 1080x2400, device.serialNumber: R58N20PLGPY, device.version: 10, deviceName: SM-A515F, deviceUDID: R58N20PLGPY, dontGoHomeOnQuit: false, dontStopAppOnReset: false, fullReset: false, install.only.for.update: false, installOnlyForUpdate: false, instrumentApp: false, javascriptEnabled: true, keystorePath: ~/.android/debug.keystore, locationServicesAuthorized: false, newSessionWaitTimeout: 600, noReset: true, platform: ANDROID, platformName: Android, platformVersion: 10, projectName: , reportDirectory: reports, reportFormat: xml, reportUrl: C:\Users\Fariz Anjum\appium..., reservationDuration: 240, takeScreenshots: true, test.type: Mobile, testName: mobile test 01/27/21 05:33 PM, udid: R58N20PLGPY, useKeystore: false, waitForDeviceTimeout: 120000}
Session ID: 2cd388e1-ba9f-4dee-8080-0c01f88b7a4c
*** Element info: {Using=class name, value=android.webkit.WebView}
at sun.reflect.NativeConstructorAccessorImpl.newInstance0(Native Method)
at sun.reflect.NativeConstructorAccessorImpl.newInstance(Unknown Source)
at sun.reflect.DelegatingConstructorAccessorImpl.newInstance(Unknown Source)
at java.lang.reflect.Constructor.newInstance(Unknown Source)
at org.openqa.selenium.remote.ErrorHandler.createThrowable(ErrorHandler.java:214)
at org.openqa.selenium.remote.ErrorHandler.throwIfResponseFailed(ErrorHandler.java:166)
at org.openqa.selenium.remote.http.JsonHttpResponseCodec.reconstructValue(JsonHttpResponseCodec.java:40)
at org.openqa.selenium.remote.http.AbstractHttpResponseCodec.decode(AbstractHttpResponseCodec.java:80)
at org.openqa.selenium.remote.http.AbstractHttpResponseCodec.decode(AbstractHttpResponseCodec.java:44)
at org.openqa.selenium.remote.HttpCommandExecutor.execute(HttpCommandExecutor.java:158)
at io.appium.java_client.remote.AppiumCommandExecutor.execute(AppiumCommandExecutor.java:247)
at org.openqa.selenium.remote.RemoteWebDriver.execute(RemoteWebDriver.java:552)
at io.appium.java_client.DefaultGenericMobileDriver.execute(DefaultGenericMobileDriver.java:41)
at io.appium.java_client.AppiumDriver.execute(AppiumDriver.java:1)
at io.appium.java_client.android.AndroidDriver.execute(AndroidDriver.java:1)
at org.openqa.selenium.remote.RemoteWebDriver.findElements(RemoteWebDriver.java:353)
at io.appium.java_client.DefaultGenericMobileDriver.findElements(DefaultGenericMobileDriver.java:53)
at io.appium.java_client.AppiumDriver.findElements(AppiumDriver.java:179)
at org.openqa.selenium.remote.RemoteWebDriver.findElementsByClassName(RemoteWebDriver.java:416)
at io.appium.java_client.DefaultGenericMobileDriver.findElementsByClassName(DefaultGenericMobileDriver.java:129)
at io.appium.java_client.AppiumDriver.findElementsByClassName(AppiumDriver.java:204)
at org.openqa.selenium.By$ByClassName.findElements(By.java:380)
at org.openqa.selenium.remote.RemoteWebDriver.findElements(RemoteWebDriver.java:311)
at io.appium.java_client.DefaultGenericMobileDriver.findElements(DefaultGenericMobileDriver.java:49)
at io.appium.java_client.AppiumDriver.findElements(AppiumDriver.java:174)
at org.openqa.selenium.support.pagefactory.DefaultElementLocator.findElements(DefaultElementLocator.java:85)
at org.openqa.selenium.support.pagefactory.internal.LocatingElementListHandler.invoke(LocatingElementListHandler.java:36)
at com.sun.proxy.$Proxy10.size(Unknown Source)
at Pages.AdsHandling.checkAdsAppear(AdsHandling.java:23)
at test.TestLoginWithPin.validate_AdsAppear(TestLoginWithPin.java:44)
at sun.reflect.NativeMethodAccessorImpl.invoke0(Native Method)
at sun.reflect.NativeMethodAccessorImpl.invoke(Unknown Source)
at sun.reflect.DelegatingMethodAccessorImpl.invoke(Unknown Source)
at java.lang.reflect.Method.invoke(Unknown Source)
at org.testng.internal.MethodInvocationHelper.invokeMethod(MethodInvocationHelper.java:132)
at org.testng.internal.TestInvoker.invokeMethod(TestInvoker.java:599)
at org.testng.internal.TestInvoker.invokeTestMethod(TestInvoker.java:174)
at org.testng.internal.MethodRunner.runInSequence(MethodRunner.java:46)
at org.testng.internal.TestInvoker$MethodInvocationAgent.invoke(TestInvoker.java:822)
at org.testng.internal.TestInvoker.invokeTestMethods(TestInvoker.java:147)
at org.testng.internal.TestMethodWorker.invokeTestMethods(TestMethodWorker.java:146)
at org.testng.internal.TestMethodWorker.run(TestMethodWorker.java:128)
at java.util.ArrayList.forEach(Unknown Source)
at org.testng.TestRunner.privateRun(TestRunner.java:764)
at org.testng.TestRunner.run(TestRunner.java:585)
at org.testng.SuiteRunner.runTest(SuiteRunner.java:384)
at org.testng.SuiteRunner.runSequentially(SuiteRunner.java:378)
at org.testng.SuiteRunner.privateRun(SuiteRunner.java:337)
at org.testng.SuiteRunner.run(SuiteRunner.java:286)
at org.testng.SuiteRunnerWorker.runSuite(SuiteRunnerWorker.java:53)
at org.testng.SuiteRunnerWorker.run(SuiteRunnerWorker.java:96)
at org.testng.TestNG.runSuitesSequentially(TestNG.java:1218)
at org.testng.TestNG.runSuitesLocally(TestNG.java:1140)
at org.testng.TestNG.runSuites(TestNG.java:1069)
at org.testng.TestNG.run(TestNG.java:1037)
at org.testng.remote.AbstractRemoteTestNG.run(AbstractRemoteTestNG.java:115)
at org.testng.remote.RemoteTestNG.initAndRun(RemoteTestNG.java:251)
at org.testng.remote.RemoteTestNG.main(RemoteTestNG.java:77)
]]>
    </failure>
  </testcase> <!-- validate_AdsAppear -->
</testsuite> <!-- Default test -->
