<?xml version="1.0" encoding="UTF-8"?>
<!-- Generated by org.testng.reporters.JUnitXMLReporter -->
<testsuite hostname="Fariz-PC" ignored="18" name="Test Videos section" tests="28" failures="0" timestamp="2021-02-01T12:06:29 PKT" time="102.838" errors="0">
  <testcase name="validate_pin_working_correct" time="0.968" classname="test.PhotosSection.TestLoginWithPin"/>
  <testcase name="validate_ratingPopUpSkiped" time="2.47" classname="test.PhotosSection.TestLoginWithPin"/>
  <testcase name="validate_DashboardApear_Correct" time="1.811" classname="test.PhotosSection.TestLoginWithPin"/>
  <testcase name="validate_ClickOnVideosSection" time="0.956" classname="test.VideosSection.TestOpenVideos"/>
  <testcase name="validate_TutorialPopUpSkipped" time="1.805" classname="test.VideosSection.TestOpenVideos"/>
  <testcase name="validate_VideosPageTitle_correct" time="0.498" classname="test.VideosSection.TestOpenVideos"/>
  <testcase name="validate_NewFolderCreated" time="0.401" classname="test.VideosSection.TestEditAlbum"/>
  <testcase name="clickOnEditAlbum" time="0.642" classname="test.VideosSection.TestEditAlbum"/>
  <testcase name="varify_AlbumRenameWorking" time="3.967" classname="test.VideosSection.TestEditAlbum"/>
  <testcase name="varify_AlbumDeleteWorking" time="3.575" classname="test.VideosSection.TestEditAlbum"/>
  <testcase name="validate_NewFolderCreated" time="3.748" classname="test.VideosSection.TestCreateNewAlbum"/>
  <testcase name="validate_FolderIsOpen" time="1.006" classname="test.VideosSection.TestCreateNewAlbum"/>
  <testcase name="validate_FolderTitle_correct" time="1.281" classname="test.VideosSection.TestCreateNewAlbum"/>
  <testcase name="validate_PlusButton_Working" time="0.487" classname="test.VideosSection.TestOpenGallery"/>
  <testcase name="validate_ImportFromGalleryBtn_Working" time="1.408" classname="test.VideosSection.TestOpenGallery"/>
  <testcase name="validate_GalleryTitle_Correct" time="1.403" classname="test.VideosSection.TestOpenGallery"/>
  <testcase name="validate_VideosFoundOnDevice" time="0.67" classname="test.VideosSection.TestOpenGallery"/>
  <testcase name="validate_VideosFolder_Open" time="0.618" classname="test.VideosSection.TestOpenGallery"/>
  <testcase name="Validate_CountVideos" time="1.514" classname="test.VideosSection.TestHideVideos"/>
  <testcase name="Validate_VideosSelected" time="1.416" classname="test.VideosSection.TestHideVideos"/>
  <testcase name="Validate_HideButton_working" time="1.043" classname="test.VideosSection.TestHideVideos"/>
  <testcase name="Validate_All_VideosImported" time="1.816" classname="test.VideosSection.TestHideVideos"/>
  <testcase name="VerifyVideosSelected" time="2.114" classname="test.VideosSection.TestDeleteVideos"/>
  <testcase name="VerifyDeleteVideosBtn_working" time="2.065" classname="test.VideosSection.TestDeleteVideos"/>
  <testcase name="verify_MediaSelectedToUnhide" time="3.256" classname="test.VideosSection.TestUnhideVideos"/>
  <testcase name="verify_UnhideBtnWorking" time="1.918" classname="test.VideosSection.TestUnhideVideos"/>
  <testcase name="CameraImport" time="54.987" classname="test.VideosSection.TestImportFromCamera"/>
  <testcase name="pressBackButton" time="4.925" classname="test.PhotosSection.TestBackButton"/>
  <testcase name="@AfterSuite tearDown" time="0.0" classname="Pages.BaseClass">
    <ignored/>
  </testcase> <!-- @AfterSuite tearDown -->
  <testcase name="@AfterSuite tearDown" time="0.0" classname="Pages.BaseClass">
    <ignored/>
  </testcase> <!-- @AfterSuite tearDown -->
  <testcase name="@AfterSuite tearDown" time="0.0" classname="Pages.BaseClass">
    <ignored/>
  </testcase> <!-- @AfterSuite tearDown -->
  <testcase name="@AfterSuite tearDown" time="0.0" classname="Pages.BaseClass">
    <ignored/>
  </testcase> <!-- @AfterSuite tearDown -->
  <testcase name="@AfterSuite tearDown" time="0.0" classname="Pages.BaseClass">
    <ignored/>
  </testcase> <!-- @AfterSuite tearDown -->
  <testcase name="@AfterSuite tearDown" time="0.0" classname="Pages.BaseClass">
    <ignored/>
  </testcase> <!-- @AfterSuite tearDown -->
  <testcase name="@AfterSuite tearDown" time="0.0" classname="Pages.BaseClass">
    <ignored/>
  </testcase> <!-- @AfterSuite tearDown -->
  <testcase name="@AfterSuite tearDown" time="0.0" classname="Pages.BaseClass">
    <ignored/>
  </testcase> <!-- @AfterSuite tearDown -->
  <testcase name="@AfterSuite tearDown" time="0.0" classname="Pages.BaseClass">
    <ignored/>
  </testcase> <!-- @AfterSuite tearDown -->
  <testcase name="@BeforeSuite setup" time="0.0" classname="Pages.BaseClass">
    <ignored/>
  </testcase> <!-- @BeforeSuite setup -->
  <testcase name="@BeforeSuite setup" time="0.0" classname="Pages.BaseClass">
    <ignored/>
  </testcase> <!-- @BeforeSuite setup -->
  <testcase name="@BeforeSuite setup" time="0.0" classname="Pages.BaseClass">
    <ignored/>
  </testcase> <!-- @BeforeSuite setup -->
  <testcase name="@BeforeSuite setup" time="0.0" classname="Pages.BaseClass">
    <ignored/>
  </testcase> <!-- @BeforeSuite setup -->
  <testcase name="@BeforeSuite setup" time="0.0" classname="Pages.BaseClass">
    <ignored/>
  </testcase> <!-- @BeforeSuite setup -->
  <testcase name="@BeforeSuite setup" time="0.0" classname="Pages.BaseClass">
    <ignored/>
  </testcase> <!-- @BeforeSuite setup -->
  <testcase name="@BeforeSuite setup" time="0.0" classname="Pages.BaseClass">
    <ignored/>
  </testcase> <!-- @BeforeSuite setup -->
  <testcase name="@BeforeSuite setup" time="0.0" classname="Pages.BaseClass">
    <ignored/>
  </testcase> <!-- @BeforeSuite setup -->
  <testcase name="@BeforeSuite setup" time="0.0" classname="Pages.BaseClass">
    <ignored/>
  </testcase> <!-- @BeforeSuite setup -->
</testsuite> <!-- Test Videos section -->
