<?xml version="1.0" encoding="UTF-8"?>
<!-- Generated by org.testng.reporters.JUnitXMLReporter -->
<testsuite hostname="Fariz-PC" ignored="16" name="Test" tests="27" failures="0" timestamp="2021-01-29T16:34:43 PKT" time="54.334" errors="0">
  <testcase name="validate_pin_working_correct" time="0.656" classname="test.PhotosSection.TestLoginWithPin"/>
  <testcase name="validate_ratingPopUpSkiped" time="2.493" classname="test.PhotosSection.TestLoginWithPin"/>
  <testcase name="validate_DashboardApear_Correct" time="1.555" classname="test.PhotosSection.TestLoginWithPin"/>
  <testcase name="validate_ClickOnPhotosSection" time="1.237" classname="test.PhotosSection.TestOpenPhotos"/>
  <testcase name="validate_TutorialPopUpSkipped" time="1.772" classname="test.PhotosSection.TestOpenPhotos"/>
  <testcase name="validate_PhotosPageTitle_correct" time="0.445" classname="test.PhotosSection.TestOpenPhotos"/>
  <testcase name="validate_NewFolderCreated" time="3.561" classname="test.PhotosSection.TestEditAlbum"/>
  <testcase name="clickOnEditAlbum" time="1.297" classname="test.PhotosSection.TestEditAlbum"/>
  <testcase name="varify_AlbumRenameWorking" time="4.544" classname="test.PhotosSection.TestEditAlbum"/>
  <testcase name="varify_AlbumDeleteWorking" time="3.697" classname="test.PhotosSection.TestEditAlbum"/>
  <testcase name="validate_NewFolderCreated" time="3.538" classname="test.PhotosSection.TestCreateNewAlbum"/>
  <testcase name="validate_FolderIsOpen" time="1.452" classname="test.PhotosSection.TestCreateNewAlbum"/>
  <testcase name="validate_FolderTitle_correct" time="1.324" classname="test.PhotosSection.TestCreateNewAlbum"/>
  <testcase name="validate_PlusButton_Working" time="0.409" classname="test.PhotosSection.TestOpenGallery"/>
  <testcase name="validate_ImportFromGalleryBtn_Working" time="1.368" classname="test.PhotosSection.TestOpenGallery"/>
  <testcase name="validate_GalleryTitle_Correct" time="1.174" classname="test.PhotosSection.TestOpenGallery"/>
  <testcase name="validate_ImagesFoundOnDevice" time="1.229" classname="test.PhotosSection.TestOpenGallery"/>
  <testcase name="validate_ImageFolder_Open" time="0.586" classname="test.PhotosSection.TestOpenGallery"/>
  <testcase name="Validate_CountImages" time="1.999" classname="test.PhotosSection.TestVerifyHidePhotos"/>
  <testcase name="Validate_ImagesSelected" time="2.553" classname="test.PhotosSection.TestVerifyHidePhotos"/>
  <testcase name="Validate_HideButton_working" time="1.037" classname="test.PhotosSection.TestVerifyHidePhotos"/>
  <testcase name="Validate_All_ImagesUpladed" time="1.675" classname="test.PhotosSection.TestVerifyHidePhotos"/>
  <testcase name="VerifyImageSelected" time="2.96" classname="test.PhotosSection.TestDeletePhotos"/>
  <testcase name="VeryDeletePhotosBtn_working" time="1.642" classname="test.PhotosSection.TestDeletePhotos"/>
  <testcase name="verify_MediaSelectedToUnhide" time="5.093" classname="test.PhotosSection.TestUnhidePhotos"/>
  <testcase name="verify_UnhideBtnWorking" time="1.992" classname="test.PhotosSection.TestUnhidePhotos"/>
  <testcase name="pressBackButton" time="2.977" classname="test.PhotosSection.TestBackButton"/>
  <testcase name="@BeforeSuite setup" time="0.0" classname="test.PhotosSection.BaseClass">
    <ignored/>
  </testcase> <!-- @BeforeSuite setup -->
  <testcase name="@BeforeSuite setup" time="0.0" classname="test.PhotosSection.BaseClass">
    <ignored/>
  </testcase> <!-- @BeforeSuite setup -->
  <testcase name="@BeforeSuite setup" time="0.0" classname="test.PhotosSection.BaseClass">
    <ignored/>
  </testcase> <!-- @BeforeSuite setup -->
  <testcase name="@BeforeSuite setup" time="0.0" classname="test.PhotosSection.BaseClass">
    <ignored/>
  </testcase> <!-- @BeforeSuite setup -->
  <testcase name="@BeforeSuite setup" time="0.0" classname="test.PhotosSection.BaseClass">
    <ignored/>
  </testcase> <!-- @BeforeSuite setup -->
  <testcase name="@BeforeSuite setup" time="0.0" classname="test.PhotosSection.BaseClass">
    <ignored/>
  </testcase> <!-- @BeforeSuite setup -->
  <testcase name="@BeforeSuite setup" time="0.0" classname="test.PhotosSection.BaseClass">
    <ignored/>
  </testcase> <!-- @BeforeSuite setup -->
  <testcase name="@BeforeSuite setup" time="0.0" classname="test.PhotosSection.BaseClass">
    <ignored/>
  </testcase> <!-- @BeforeSuite setup -->
  <testcase name="@AfterSuite tearDown" time="0.0" classname="test.PhotosSection.BaseClass">
    <ignored/>
  </testcase> <!-- @AfterSuite tearDown -->
  <testcase name="@AfterSuite tearDown" time="0.0" classname="test.PhotosSection.BaseClass">
    <ignored/>
  </testcase> <!-- @AfterSuite tearDown -->
  <testcase name="@AfterSuite tearDown" time="0.0" classname="test.PhotosSection.BaseClass">
    <ignored/>
  </testcase> <!-- @AfterSuite tearDown -->
  <testcase name="@AfterSuite tearDown" time="0.0" classname="test.PhotosSection.BaseClass">
    <ignored/>
  </testcase> <!-- @AfterSuite tearDown -->
  <testcase name="@AfterSuite tearDown" time="0.0" classname="test.PhotosSection.BaseClass">
    <ignored/>
  </testcase> <!-- @AfterSuite tearDown -->
  <testcase name="@AfterSuite tearDown" time="0.0" classname="test.PhotosSection.BaseClass">
    <ignored/>
  </testcase> <!-- @AfterSuite tearDown -->
  <testcase name="@AfterSuite tearDown" time="0.0" classname="test.PhotosSection.BaseClass">
    <ignored/>
  </testcase> <!-- @AfterSuite tearDown -->
  <testcase name="@AfterSuite tearDown" time="0.0" classname="test.PhotosSection.BaseClass">
    <ignored/>
  </testcase> <!-- @AfterSuite tearDown -->
</testsuite> <!-- Test -->
