<?xml version="1.0" encoding="UTF-8"?>
<!-- Generated by org.testng.reporters.JUnitXMLReporter -->
<testsuite hostname="Fariz-PC" ignored="16" name="Test photos section" tests="27" failures="0" timestamp="2021-01-29T18:12:49 PKT" time="55.809" errors="0">
  <testcase name="validate_pin_working_correct" time="0.764" classname="test.PhotosSection.TestLoginWithPin"/>
  <testcase name="validate_ratingPopUpSkiped" time="1.896" classname="test.PhotosSection.TestLoginWithPin"/>
  <testcase name="validate_DashboardApear_Correct" time="0.459" classname="test.PhotosSection.TestLoginWithPin"/>
  <testcase name="validate_ClickOnVideosSection" time="0.728" classname="test.VideosSection.TestOpenVideos"/>
  <testcase name="validate_TutorialPopUpSkipped" time="2.414" classname="test.VideosSection.TestOpenVideos"/>
  <testcase name="validate_VideosPageTitle_correct" time="0.379" classname="test.VideosSection.TestOpenVideos"/>
  <testcase name="validate_NewFolderCreated" time="4.008" classname="test.VideosSection.TestEditAlbum"/>
  <testcase name="clickOnEditAlbum" time="0.991" classname="test.VideosSection.TestEditAlbum"/>
  <testcase name="varify_AlbumRenameWorking" time="4.535" classname="test.VideosSection.TestEditAlbum"/>
  <testcase name="varify_AlbumDeleteWorking" time="3.218" classname="test.VideosSection.TestEditAlbum"/>
  <testcase name="validate_NewFolderCreated" time="3.566" classname="test.VideosSection.TestCreateNewAlbum"/>
  <testcase name="validate_FolderIsOpen" time="0.98" classname="test.VideosSection.TestCreateNewAlbum"/>
  <testcase name="validate_FolderTitle_correct" time="1.355" classname="test.VideosSection.TestCreateNewAlbum"/>
  <testcase name="validate_PlusButton_Working" time="0.52" classname="test.VideosSection.TestOpenGallery"/>
  <testcase name="validate_ImportFromGalleryBtn_Working" time="1.367" classname="test.VideosSection.TestOpenGallery"/>
  <testcase name="validate_GalleryTitle_Correct" time="1.405" classname="test.VideosSection.TestOpenGallery"/>
  <testcase name="validate_VideosFoundOnDevice" time="1.17" classname="test.VideosSection.TestOpenGallery"/>
  <testcase name="validate_VideosFolder_Open" time="0.787" classname="test.VideosSection.TestOpenGallery"/>
  <testcase name="Validate_CountVideos" time="2.975" classname="test.VideosSection.TestHideVideos"/>
  <testcase name="Validate_VideosSelected" time="4.726" classname="test.VideosSection.TestHideVideos"/>
  <testcase name="Validate_HideButton_working" time="1.407" classname="test.VideosSection.TestHideVideos"/>
  <testcase name="Validate_All_VideosImported" time="2.831" classname="test.VideosSection.TestHideVideos"/>
  <testcase name="VerifyVideosSelected" time="1.865" classname="test.VideosSection.TestDeleteVideos"/>
  <testcase name="VerifyDeleteVideosBtn_working" time="1.951" classname="test.VideosSection.TestDeleteVideos"/>
  <testcase name="verify_MediaSelectedToUnhide" time="3.48" classname="test.VideosSection.TestUnhideVideos"/>
  <testcase name="verify_UnhideBtnWorking" time="2.335" classname="test.VideosSection.TestUnhideVideos"/>
  <testcase name="pressBackButton" time="3.631" classname="test.PhotosSection.TestBackButton"/>
  <testcase name="@AfterSuite tearDown" time="0.0" classname="Pages.BaseClass">
    <ignored/>
  </testcase> <!-- @AfterSuite tearDown -->
  <testcase name="@AfterSuite tearDown" time="0.0" classname="Pages.BaseClass">
    <ignored/>
  </testcase> <!-- @AfterSuite tearDown -->
  <testcase name="@AfterSuite tearDown" time="0.0" classname="Pages.BaseClass">
    <ignored/>
  </testcase> <!-- @AfterSuite tearDown -->
  <testcase name="@AfterSuite tearDown" time="0.0" classname="Pages.BaseClass">
    <ignored/>
  </testcase> <!-- @AfterSuite tearDown -->
  <testcase name="@AfterSuite tearDown" time="0.0" classname="Pages.BaseClass">
    <ignored/>
  </testcase> <!-- @AfterSuite tearDown -->
  <testcase name="@AfterSuite tearDown" time="0.0" classname="Pages.BaseClass">
    <ignored/>
  </testcase> <!-- @AfterSuite tearDown -->
  <testcase name="@AfterSuite tearDown" time="0.0" classname="Pages.BaseClass">
    <ignored/>
  </testcase> <!-- @AfterSuite tearDown -->
  <testcase name="@AfterSuite tearDown" time="0.0" classname="Pages.BaseClass">
    <ignored/>
  </testcase> <!-- @AfterSuite tearDown -->
  <testcase name="@BeforeSuite setup" time="0.0" classname="Pages.BaseClass">
    <ignored/>
  </testcase> <!-- @BeforeSuite setup -->
  <testcase name="@BeforeSuite setup" time="0.0" classname="Pages.BaseClass">
    <ignored/>
  </testcase> <!-- @BeforeSuite setup -->
  <testcase name="@BeforeSuite setup" time="0.0" classname="Pages.BaseClass">
    <ignored/>
  </testcase> <!-- @BeforeSuite setup -->
  <testcase name="@BeforeSuite setup" time="0.0" classname="Pages.BaseClass">
    <ignored/>
  </testcase> <!-- @BeforeSuite setup -->
  <testcase name="@BeforeSuite setup" time="0.0" classname="Pages.BaseClass">
    <ignored/>
  </testcase> <!-- @BeforeSuite setup -->
  <testcase name="@BeforeSuite setup" time="0.0" classname="Pages.BaseClass">
    <ignored/>
  </testcase> <!-- @BeforeSuite setup -->
  <testcase name="@BeforeSuite setup" time="0.0" classname="Pages.BaseClass">
    <ignored/>
  </testcase> <!-- @BeforeSuite setup -->
  <testcase name="@BeforeSuite setup" time="0.0" classname="Pages.BaseClass">
    <ignored/>
  </testcase> <!-- @BeforeSuite setup -->
</testsuite> <!-- Test photos section -->
