<?xml version="1.0" encoding="UTF-8"?>
<!-- Generated by org.testng.reporters.JUnitXMLReporter -->
<testsuite hostname="Fariz-PC" ignored="4" name="Test" tests="18" failures="0" timestamp="2021-01-26T17:53:19 PKT" time="37.742" errors="0">
  <testcase name="validate_pin_working_correct" time="0.501" classname="test.TestLoginWithPin"/>
  <testcase name="validate_ratingPopUpSkiped" time="5.097" classname="test.TestLoginWithPin"/>
  <testcase name="validate_DashboardApear_Correct" time="0.434" classname="test.TestLoginWithPin"/>
  <testcase name="validate_ClickOnPhotosSection" time="0.455" classname="test.TestOpenPhotos"/>
  <testcase name="validate_TutorialPopUpSkipped" time="5.317" classname="test.TestOpenPhotos"/>
  <testcase name="validate_PhotosPageTitle_correct" time="0.516" classname="test.TestOpenPhotos"/>
  <testcase name="validate_NewFolderCreated" time="0.473" classname="test.TestOpenPhotos"/>
  <testcase name="validate_FolderIsOpen" time="0.296" classname="test.TestOpenPhotos"/>
  <testcase name="validate_FolderTitle_correct" time="0.833" classname="test.TestOpenPhotos"/>
  <testcase name="validate_PlusButton_Working" time="0.475" classname="test.TestOpenPhotos"/>
  <testcase name="validate_ImportFromGalleryBtn_Working" time="1.008" classname="test.TestOpenPhotos"/>
  <testcase name="validate_GalleryTitle_Correct" time="0.718" classname="test.TestOpenPhotos"/>
  <testcase name="validate_ImagesFoundOnDevice" time="0.587" classname="test.TestOpenPhotos"/>
  <testcase name="validate_ImageFolder_Open" time="0.636" classname="test.TestOpenPhotos"/>
  <testcase name="Validate_CountImages" time="1.596" classname="test.TestVerifyHidePhotos"/>
  <testcase name="Validate_ImagesSelected" time="7.101" classname="test.TestVerifyHidePhotos"/>
  <testcase name="Validate_HideButton_working" time="0.42" classname="test.TestVerifyHidePhotos"/>
  <testcase name="Validate_All_ImagesUpladed" time="2.049" classname="test.TestVerifyHidePhotos"/>
  <testcase name="@BeforeSuite setup" time="0.0" classname="test.BaseClass">
    <ignored/>
  </testcase> <!-- @BeforeSuite setup -->
  <testcase name="@BeforeSuite setup" time="0.0" classname="test.BaseClass">
    <ignored/>
  </testcase> <!-- @BeforeSuite setup -->
  <testcase name="@AfterSuite tearDown" time="0.0" classname="test.BaseClass">
    <ignored/>
  </testcase> <!-- @AfterSuite tearDown -->
  <testcase name="@AfterSuite tearDown" time="0.0" classname="test.BaseClass">
    <ignored/>
  </testcase> <!-- @AfterSuite tearDown -->
</testsuite> <!-- Test -->
